<?xml version="1.0" encoding="utf-8"?>
<TestRun id="84dbafb4-5221-4b24-b7de-27d06726b06b" name="azureuser@labvm-1731749 2025-05-23 12:07:56" runUser="labvm-1731749\azureuser" xmlns="http://microsoft.com/schemas/VisualStudio/TeamTest/2010">
  <Times creation="2025-05-23T12:07:56.2739341+00:00" queuing="2025-05-23T12:07:56.2739344+00:00" start="2025-05-23T12:07:55.1326873+00:00" finish="2025-05-23T12:07:56.2818441+00:00" />
  <TestSettings name="default" id="31626443-1293-4488-b57b-cb9978fff5bc">
    <Deployment runDeploymentRoot="azureuser_labvm-1731749_2025-05-23_12_07_56" />
  </TestSettings>
  <Results>
    <UnitTestResult executionId="41e8a0de-309c-471e-b678-2ec0b9269a3e" testId="a7b9d2db-489b-46c8-2001-3f341b8b06d8" testName="MyMvcApp.Tests.UserControllerTests.Test1" computerName="labvm-1731749" duration="00:00:00.0022888" startTime="2025-05-23T12:07:56.1140805+00:00" endTime="2025-05-23T12:07:56.1141277+00:00" testType="13cdc9d9-ddb5-4fa4-a97d-d965ccfc6d4b" outcome="Passed" testListId="8c84fa94-04c1-424b-9868-57a2d4851a1d" relativeResultsDirectory="41e8a0de-309c-471e-b678-2ec0b9269a3e" />
  </Results>
  <TestDefinitions>
    <UnitTest name="MyMvcApp.Tests.UserControllerTests.Test1" storage="c:\cloudlabs\azure-search-openai-demo-wg\mymvcapp\mymvcapp.tests\bin\debug\net8.0\mymvcapp.tests.dll" id="a7b9d2db-489b-46c8-2001-3f341b8b06d8">
      <Execution id="41e8a0de-309c-471e-b678-2ec0b9269a3e" />
      <TestMethod codeBase="C:\CloudLabs\azure-search-openai-demo-WG\MyMvcApp\MyMvcApp.Tests\bin\Debug\net8.0\MyMvcApp.Tests.dll" adapterTypeName="executor://xunit/VsTestRunner2/netcoreapp" className="MyMvcApp.Tests.UserControllerTests" name="Test1" />
    </UnitTest>
  </TestDefinitions>
  <TestEntries>
    <TestEntry testId="a7b9d2db-489b-46c8-2001-3f341b8b06d8" executionId="41e8a0de-309c-471e-b678-2ec0b9269a3e" testListId="8c84fa94-04c1-424b-9868-57a2d4851a1d" />
  </TestEntries>
  <TestLists>
    <TestList name="Results Not in a List" id="8c84fa94-04c1-424b-9868-57a2d4851a1d" />
    <TestList name="All Loaded Results" id="19431567-8539-422a-85d7-44ee4e166bda" />
  </TestLists>
  <ResultSummary outcome="Completed">
    <Counters total="1" executed="1" passed="1" failed="0" error="0" timeout="0" aborted="0" inconclusive="0" passedButRunAborted="0" notRunnable="0" notExecuted="0" disconnected="0" warning="0" completed="0" inProgress="0" pending="0" />
    <Output>
      <StdOut>[xUnit.net 00:00:00.00] xUnit.net VSTest Adapter v2.5.3.1+6b60a9e56a (64-bit .NET 8.0.16)&#xD;
[xUnit.net 00:00:00.10]   Discovering: MyMvcApp.Tests&#xD;
[xUnit.net 00:00:00.15]   Discovered:  MyMvcApp.Tests&#xD;
[xUnit.net 00:00:00.15]   Starting:    MyMvcApp.Tests&#xD;
[xUnit.net 00:00:00.23]   Finished:    MyMvcApp.Tests&#xD;
</StdOut>
    </Output>
  </ResultSummary>
</TestRun>